<?xml version="1.0" encoding="UTF-8"?>
<testng-results skipped="0" failed="0" total="1" passed="1">
  <reporter-output>
  </reporter-output>
  <suite name="Suite" duration-ms="13851" started-at="2019-02-11T09:40:19Z" finished-at="2019-02-11T09:40:33Z">
    <groups>
    </groups>
    <test name="Test" duration-ms="13851" started-at="2019-02-11T09:40:19Z" finished-at="2019-02-11T09:40:33Z">
      <class name="MavenTestNG.NewTest">
        <test-method status="PASS" signature="beforeTest()[pri:0, instance:MavenTestNG.NewTest@5c7fa833]" name="beforeTest" is-config="true" duration-ms="6216" started-at="2019-02-11T15:10:19Z" finished-at="2019-02-11T15:10:26Z">
          <reporter-output>
          </reporter-output>
        </test-method> <!-- beforeTest -->
        <test-method status="PASS" signature="f()[pri:0, instance:MavenTestNG.NewTest@5c7fa833]" name="f" duration-ms="5514" started-at="2019-02-11T15:10:26Z" finished-at="2019-02-11T15:10:31Z">
          <reporter-output>
          </reporter-output>
        </test-method> <!-- f -->
        <test-method status="PASS" signature="afterTest()[pri:0, instance:MavenTestNG.NewTest@5c7fa833]" name="afterTest" is-config="true" duration-ms="2107" started-at="2019-02-11T15:10:31Z" finished-at="2019-02-11T15:10:33Z">
          <reporter-output>
          </reporter-output>
        </test-method> <!-- afterTest -->
      </class> <!-- MavenTestNG.NewTest -->
    </test> <!-- Test -->
  </suite> <!-- Suite -->
</testng-results>
